-- Found ament_cmake: 2.5.4 (/opt/ros/jazzy/share/ament_cmake/cmake)
-- Override CMake install command with custom implementation using symlinks instead of copying resources
-- Found ament_index_cpp: 1.8.1 (/opt/ros/jazzy/share/ament_index_cpp/cmake)
-- Found builtin_interfaces: 2.0.3 (/opt/ros/jazzy/share/builtin_interfaces/cmake)
-- Found rosidl_generator_c: 4.6.6 (/opt/ros/jazzy/share/rosidl_generator_c/cmake)
-- Found rosidl_generator_cpp: 4.6.6 (/opt/ros/jazzy/share/rosidl_generator_cpp/cmake)
-- Using all available rosidl_typesupport_c: rosidl_typesupport_fastrtps_c;rosidl_typesupport_introspection_c
-- Using all available rosidl_typesupport_cpp: rosidl_typesupport_fastrtps_cpp;rosidl_typesupport_introspection_cpp
-- Found cv_bridge: 4.1.0 (/opt/ros/jazzy/share/cv_bridge/cmake)
-- Found rmw_implementation_cmake: 7.3.2 (/opt/ros/jazzy/share/rmw_implementation_cmake/cmake)
-- Found rmw_fastrtps_cpp: 8.4.3 (/opt/ros/jazzy/share/rmw_fastrtps_cpp/cmake)
-- Using RMW implementation 'rmw_fastrtps_cpp' as default
-- Found camera_info_manager: 5.1.7 (/opt/ros/jazzy/share/camera_info_manager/cmake)
-- Setting yaml-cpp_DIR to: '/opt/ros/jazzy/share/yaml_cpp_vendor/cmake/../../../opt/yaml_cpp_vendor/share/cmake/yaml-cpp'
-- Found image_transport: 5.1.7 (/opt/ros/jazzy/share/image_transport/cmake)
-- Found image_publisher: 5.0.11 (/opt/ros/jazzy/share/image_publisher/cmake)
-- Found orbbec_camera_msgs: 1.2.2 (/home/dgx_allex_one/allex2head/install/orbbec_camera_msgs/share/orbbec_camera_msgs/cmake)
-- Found std_srvs: 5.3.6 (/opt/ros/jazzy/share/std_srvs/cmake)
-- Found tf2: 0.36.16 (/opt/ros/jazzy/share/tf2/cmake)
-- Found tf2_msgs: 0.36.16 (/opt/ros/jazzy/share/tf2_msgs/cmake)
-- Found tf2_ros: 0.36.16 (/opt/ros/jazzy/share/tf2_ros/cmake)
-- Found tf2_sensor_msgs: 0.36.16 (/opt/ros/jazzy/share/tf2_sensor_msgs/cmake)
-- Found diagnostic_updater: 4.2.6 (/opt/ros/jazzy/share/diagnostic_updater/cmake)
-- Found PkgConfig: /usr/bin/pkg-config (found version "1.8.1") 
-- ORRBEC Machine : aarch64

-- ORRBEC Machine Bits : 64

-- Found ament_lint_auto: 0.17.3 (/opt/ros/jazzy/share/ament_lint_auto/cmake)
-- Configuring done (0.4s)
-- Generating done (0.1s)
-- Build files have been written to: /home/dgx_allex_one/allex2head/build/orbbec_camera
[  3%] [32mBuilding CXX object CMakeFiles/multi_save_rgbir_node.dir/rclcpp_components/node_main_multi_save_rgbir_node.cpp.o[0m
[  6%] [32mBuilding CXX object CMakeFiles/orbbec_camera_node.dir/rclcpp_components/node_main_orbbec_camera_node.cpp.o[0m
[  9%] [32mBuilding CXX object CMakeFiles/multi_save_rgbir.dir/tools/multi_save_rgbir.cpp.o[0m
[ 12%] [32mBuilding CXX object CMakeFiles/multi_save_rgbir.dir/src/utils.cpp.o[0m
[ 15%] [32mBuilding CXX object CMakeFiles/frame_latency.dir/tools/frame_latency.cpp.o[0m
[ 21%] [32mBuilding CXX object CMakeFiles/orbbec_camera.dir/src/ob_camera_node_driver.cpp.o[0m
[ 21%] [32mBuilding CXX object CMakeFiles/frame_latency_node.dir/rclcpp_components/node_main_frame_latency_node.cpp.o[0m
[ 31%] [32mBuilding CXX object CMakeFiles/orbbec_camera.dir/src/ob_camera_node.cpp.o[0m
[ 31%] [32mBuilding CXX object CMakeFiles/start_benchmark_node.dir/rclcpp_components/node_main_start_benchmark_node.cpp.o[0m
[ 31%] [32mBuilding CXX object CMakeFiles/orbbec_camera.dir/src/synced_imu_publisher.cpp.o[0m
[ 34%] [32mBuilding CXX object CMakeFiles/orbbec_camera.dir/src/utils.cpp.o[0m
[ 37%] [32mBuilding CXX object CMakeFiles/orbbec_camera.dir/src/d2c_viewer.cpp.o[0m
[ 43%] [32mBuilding CXX object CMakeFiles/orbbec_camera.dir/src/ros_param_backend.cpp.o[0m
[ 43%] [32mBuilding CXX object CMakeFiles/start_benchmark.dir/tools/start_benchmark.cpp.o[0m
[ 50%] [32mBuilding CXX object CMakeFiles/orbbec_camera.dir/src/image_publisher.cpp.o[0m
[ 50%] [32mBuilding CXX object CMakeFiles/orbbec_camera.dir/src/dynamic_params.cpp.o[0m
[ 53%] [32mBuilding CXX object CMakeFiles/orbbec_camera.dir/src/ros_service.cpp.o[0m
[ 56%] [32mBuilding CXX object CMakeFiles/orbbec_camera.dir/src/jpeg_decoder.cpp.o[0m
In file included from [01m[K/home/dgx_allex_one/allex2head/src/OrbbecSDK_ROS2/orbbec_camera/src/ob_camera_node.cpp:17[m[K:
[01m[K/home/dgx_allex_one/allex2head/src/OrbbecSDK_ROS2/orbbec_camera/include/orbbec_camera/ob_camera_node.h:19:10:[m[K [01;31m[Kfatal error: [m[Knlohmann/json.hpp: No such file or directory
   19 | #include [01;31m[K<nlohmann/json.hpp>[m[K
      |          [01;31m[K^~~~~~~~~~~~~~~~~~~[m[K
compilation terminated.
gmake[2]: *** [CMakeFiles/orbbec_camera.dir/build.make:132: CMakeFiles/orbbec_camera.dir/src/ob_camera_node.cpp.o] Error 1
gmake[2]: *** Waiting for unfinished jobs....
In file included from [01m[K/home/dgx_allex_one/allex2head/src/OrbbecSDK_ROS2/orbbec_camera/src/ros_service.cpp:17[m[K:
[01m[K/home/dgx_allex_one/allex2head/src/OrbbecSDK_ROS2/orbbec_camera/include/orbbec_camera/ob_camera_node.h:19:10:[m[K [01;31m[Kfatal error: [m[Knlohmann/json.hpp: No such file or directory
   19 | #include [01;31m[K<nlohmann/json.hpp>[m[K
      |          [01;31m[K^~~~~~~~~~~~~~~~~~~[m[K
compilation terminated.
gmake[2]: *** [CMakeFiles/orbbec_camera.dir/build.make:160: CMakeFiles/orbbec_camera.dir/src/ros_service.cpp.o] Error 1
In file included from [01m[K/home/dgx_allex_one/allex2head/src/OrbbecSDK_ROS2/orbbec_camera/include/orbbec_camera/ob_camera_node_driver.h:22[m[K,
                 from [01m[K/home/dgx_allex_one/allex2head/src/OrbbecSDK_ROS2/orbbec_camera/src/ob_camera_node_driver.cpp:17[m[K:
[01m[K/home/dgx_allex_one/allex2head/src/OrbbecSDK_ROS2/orbbec_camera/include/orbbec_camera/ob_camera_node.h:19:10:[m[K [01;31m[Kfatal error: [m[Knlohmann/json.hpp: No such file or directory
   19 | #include [01;31m[K<nlohmann/json.hpp>[m[K
      |          [01;31m[K^~~~~~~~~~~~~~~~~~~[m[K
compilation terminated.
gmake[2]: *** [CMakeFiles/orbbec_camera.dir/build.make:118: CMakeFiles/orbbec_camera.dir/src/ob_camera_node_driver.cpp.o] Error 1
In file included from [01m[K/home/dgx_allex_one/allex2head/src/OrbbecSDK_ROS2/orbbec_camera/include/orbbec_camera/ob_camera_node_driver.h:22[m[K,
                 from [01m[K/home/dgx_allex_one/allex2head/src/OrbbecSDK_ROS2/orbbec_camera/tools/start_benchmark.cpp:3[m[K:
[01m[K/home/dgx_allex_one/allex2head/src/OrbbecSDK_ROS2/orbbec_camera/include/orbbec_camera/ob_camera_node.h:19:10:[m[K [01;31m[Kfatal error: [m[Knlohmann/json.hpp: No such file or directory
   19 | #include [01;31m[K<nlohmann/json.hpp>[m[K
      |          [01;31m[K^~~~~~~~~~~~~~~~~~~[m[K
compilation terminated.
gmake[2]: *** [CMakeFiles/start_benchmark.dir/build.make:76: CMakeFiles/start_benchmark.dir/tools/start_benchmark.cpp.o] Error 1
gmake[1]: *** [CMakeFiles/Makefile2:339: CMakeFiles/start_benchmark.dir/all] Error 2
gmake[1]: *** Waiting for unfinished jobs....
In file included from [01m[K/home/dgx_allex_one/allex2head/src/OrbbecSDK_ROS2/orbbec_camera/include/orbbec_camera/ob_camera_node_driver.h:22[m[K,
                 from [01m[K/home/dgx_allex_one/allex2head/src/OrbbecSDK_ROS2/orbbec_camera/tools/multi_save_rgbir.cpp:4[m[K:
[01m[K/home/dgx_allex_one/allex2head/src/OrbbecSDK_ROS2/orbbec_camera/include/orbbec_camera/ob_camera_node.h:19:10:[m[K [01;31m[Kfatal error: [m[Knlohmann/json.hpp: No such file or directory
   19 | #include [01;31m[K<nlohmann/json.hpp>[m[K
      |          [01;31m[K^~~~~~~~~~~~~~~~~~~[m[K
compilation terminated.
gmake[2]: *** [CMakeFiles/multi_save_rgbir.dir/build.make:76: CMakeFiles/multi_save_rgbir.dir/tools/multi_save_rgbir.cpp.o] Error 1
gmake[2]: *** Waiting for unfinished jobs....
[ 59%] [32m[1mLinking CXX executable frame_latency_node[0m
[ 59%] Built target frame_latency_node
[ 62%] [32m[1mLinking CXX executable orbbec_camera_node[0m
[ 62%] Built target orbbec_camera_node
[ 65%] [32m[1mLinking CXX executable start_benchmark_node[0m
[ 65%] Built target start_benchmark_node
[ 68%] [32m[1mLinking CXX executable multi_save_rgbir_node[0m
[ 68%] Built target multi_save_rgbir_node
gmake[1]: *** [CMakeFiles/Makefile2:391: CMakeFiles/multi_save_rgbir.dir/all] Error 2
gmake[1]: *** [CMakeFiles/Makefile2:157: CMakeFiles/orbbec_camera.dir/all] Error 2
[ 71%] [32m[1mLinking CXX shared library libframe_latency.so[0m
[ 71%] Built target frame_latency
gmake: *** [Makefile:146: all] Error 2
