[0.006s] Invoking command in '/home/dgx_allex_one/allex2head/build/orbbec_camera': AMENT_PREFIX_PATH=/home/dgx_allex_one/allex2head/install/orbbec_camera_msgs:${AMENT_PREFIX_PATH} CMAKE_PREFIX_PATH=/home/dgx_allex_one/allex2head/install/orbbec_camera_msgs:/opt/ros/jazzy/opt/gz_math_vendor:/opt/ros/jazzy/opt/gz_utils_vendor:/opt/ros/jazzy/opt/gz_cmake_vendor:/opt/ros/jazzy CONDA_PROMPT_MODIFIER=(allex_camera) DEBUGINFOD_URLS=https://debuginfod.ubuntu.com LD_LIBRARY_PATH=/home/dgx_allex_one/allex2head/install/orbbec_camera_msgs/lib:${LD_LIBRARY_PATH} PYTHONPATH=/home/dgx_allex_one/allex2head/install/orbbec_camera_msgs/lib/python3.10/site-packages:${PYTHONPATH} /usr/bin/cmake /home/dgx_allex_one/allex2head/src/OrbbecSDK_ROS2/orbbec_camera -DAMENT_CMAKE_SYMLINK_INSTALL=1 -DCMAKE_INSTALL_PREFIX=/home/dgx_allex_one/allex2head/install/orbbec_camera
[0.013s] -- Found ament_cmake: 2.5.4 (/opt/ros/jazzy/share/ament_cmake/cmake)
[0.124s] -- Override CMake install command with custom implementation using symlinks instead of copying resources
[0.127s] -- Found ament_index_cpp: 1.8.1 (/opt/ros/jazzy/share/ament_index_cpp/cmake)
[0.128s] -- Found builtin_interfaces: 2.0.3 (/opt/ros/jazzy/share/builtin_interfaces/cmake)
[0.139s] -- Found rosidl_generator_c: 4.6.6 (/opt/ros/jazzy/share/rosidl_generator_c/cmake)
[0.143s] -- Found rosidl_generator_cpp: 4.6.6 (/opt/ros/jazzy/share/rosidl_generator_cpp/cmake)
[0.147s] -- Using all available rosidl_typesupport_c: rosidl_typesupport_fastrtps_c;rosidl_typesupport_introspection_c
[0.153s] -- Using all available rosidl_typesupport_cpp: rosidl_typesupport_fastrtps_cpp;rosidl_typesupport_introspection_cpp
[0.157s] -- Found cv_bridge: 4.1.0 (/opt/ros/jazzy/share/cv_bridge/cmake)
[0.199s] -- Found rmw_implementation_cmake: 7.3.2 (/opt/ros/jazzy/share/rmw_implementation_cmake/cmake)
[0.199s] -- Found rmw_fastrtps_cpp: 8.4.3 (/opt/ros/jazzy/share/rmw_fastrtps_cpp/cmake)
[0.231s] -- Using RMW implementation 'rmw_fastrtps_cpp' as default
[0.255s] -- Found camera_info_manager: 5.1.7 (/opt/ros/jazzy/share/camera_info_manager/cmake)
[0.257s] -- Setting yaml-cpp_DIR to: '/opt/ros/jazzy/share/yaml_cpp_vendor/cmake/../../../opt/yaml_cpp_vendor/share/cmake/yaml-cpp'
[0.269s] -- Found image_transport: 5.1.7 (/opt/ros/jazzy/share/image_transport/cmake)
[0.273s] -- Found image_publisher: 5.0.11 (/opt/ros/jazzy/share/image_publisher/cmake)
[0.286s] -- Found orbbec_camera_msgs: 1.2.2 (/home/dgx_allex_one/allex2head/install/orbbec_camera_msgs/share/orbbec_camera_msgs/cmake)
[0.298s] -- Found std_srvs: 5.3.6 (/opt/ros/jazzy/share/std_srvs/cmake)
[0.304s] -- Found tf2: 0.36.16 (/opt/ros/jazzy/share/tf2/cmake)
[0.305s] -- Found tf2_msgs: 0.36.16 (/opt/ros/jazzy/share/tf2_msgs/cmake)
[0.325s] -- Found tf2_ros: 0.36.16 (/opt/ros/jazzy/share/tf2_ros/cmake)
[0.332s] -- Found tf2_sensor_msgs: 0.36.16 (/opt/ros/jazzy/share/tf2_sensor_msgs/cmake)
[0.335s] -- Found diagnostic_updater: 4.2.6 (/opt/ros/jazzy/share/diagnostic_updater/cmake)
[0.348s] -- Found PkgConfig: /usr/bin/pkg-config (found version "1.8.1") 
[0.362s] -- ORRBEC Machine : aarch64
[0.362s] 
[0.362s] -- ORRBEC Machine Bits : 64
[0.362s] 
[0.397s] -- Found ament_lint_auto: 0.17.3 (/opt/ros/jazzy/share/ament_lint_auto/cmake)
[0.456s] -- Configuring done (0.4s)
[0.525s] -- Generating done (0.1s)
[0.536s] -- Build files have been written to: /home/dgx_allex_one/allex2head/build/orbbec_camera
[0.546s] Invoked command in '/home/dgx_allex_one/allex2head/build/orbbec_camera' returned '0': AMENT_PREFIX_PATH=/home/dgx_allex_one/allex2head/install/orbbec_camera_msgs:${AMENT_PREFIX_PATH} CMAKE_PREFIX_PATH=/home/dgx_allex_one/allex2head/install/orbbec_camera_msgs:/opt/ros/jazzy/opt/gz_math_vendor:/opt/ros/jazzy/opt/gz_utils_vendor:/opt/ros/jazzy/opt/gz_cmake_vendor:/opt/ros/jazzy CONDA_PROMPT_MODIFIER=(allex_camera) DEBUGINFOD_URLS=https://debuginfod.ubuntu.com LD_LIBRARY_PATH=/home/dgx_allex_one/allex2head/install/orbbec_camera_msgs/lib:${LD_LIBRARY_PATH} PYTHONPATH=/home/dgx_allex_one/allex2head/install/orbbec_camera_msgs/lib/python3.10/site-packages:${PYTHONPATH} /usr/bin/cmake /home/dgx_allex_one/allex2head/src/OrbbecSDK_ROS2/orbbec_camera -DAMENT_CMAKE_SYMLINK_INSTALL=1 -DCMAKE_INSTALL_PREFIX=/home/dgx_allex_one/allex2head/install/orbbec_camera
[0.546s] Invoking command in '/home/dgx_allex_one/allex2head/build/orbbec_camera': AMENT_PREFIX_PATH=/home/dgx_allex_one/allex2head/install/orbbec_camera_msgs:${AMENT_PREFIX_PATH} CMAKE_PREFIX_PATH=/home/dgx_allex_one/allex2head/install/orbbec_camera_msgs:/opt/ros/jazzy/opt/gz_math_vendor:/opt/ros/jazzy/opt/gz_utils_vendor:/opt/ros/jazzy/opt/gz_cmake_vendor:/opt/ros/jazzy CONDA_PROMPT_MODIFIER=(allex_camera) DEBUGINFOD_URLS=https://debuginfod.ubuntu.com LD_LIBRARY_PATH=/home/dgx_allex_one/allex2head/install/orbbec_camera_msgs/lib:${LD_LIBRARY_PATH} PYTHONPATH=/home/dgx_allex_one/allex2head/install/orbbec_camera_msgs/lib/python3.10/site-packages:${PYTHONPATH} /usr/bin/cmake --build /home/dgx_allex_one/allex2head/build/orbbec_camera -- -j20 -l20
[0.578s] [  3%] [32mBuilding CXX object CMakeFiles/multi_save_rgbir_node.dir/rclcpp_components/node_main_multi_save_rgbir_node.cpp.o[0m
[0.579s] [  6%] [32mBuilding CXX object CMakeFiles/orbbec_camera_node.dir/rclcpp_components/node_main_orbbec_camera_node.cpp.o[0m
[0.581s] [  9%] [32mBuilding CXX object CMakeFiles/multi_save_rgbir.dir/tools/multi_save_rgbir.cpp.o[0m
[0.581s] [ 12%] [32mBuilding CXX object CMakeFiles/multi_save_rgbir.dir/src/utils.cpp.o[0m
[0.582s] [ 15%] [32mBuilding CXX object CMakeFiles/frame_latency.dir/tools/frame_latency.cpp.o[0m
[0.582s] [ 21%] [32mBuilding CXX object CMakeFiles/orbbec_camera.dir/src/ob_camera_node_driver.cpp.o[0m
[0.582s] [ 21%] [32mBuilding CXX object CMakeFiles/frame_latency_node.dir/rclcpp_components/node_main_frame_latency_node.cpp.o[0m
[0.583s] [ 31%] [32mBuilding CXX object CMakeFiles/orbbec_camera.dir/src/ob_camera_node.cpp.o[0m
[0.583s] [ 31%] [32mBuilding CXX object CMakeFiles/start_benchmark_node.dir/rclcpp_components/node_main_start_benchmark_node.cpp.o[0m
[0.583s] [ 31%] [32mBuilding CXX object CMakeFiles/orbbec_camera.dir/src/synced_imu_publisher.cpp.o[0m
[0.583s] [ 34%] [32mBuilding CXX object CMakeFiles/orbbec_camera.dir/src/utils.cpp.o[0m
[0.584s] [ 37%] [32mBuilding CXX object CMakeFiles/orbbec_camera.dir/src/d2c_viewer.cpp.o[0m
[0.585s] [ 43%] [32mBuilding CXX object CMakeFiles/orbbec_camera.dir/src/ros_param_backend.cpp.o[0m
[0.585s] [ 43%] [32mBuilding CXX object CMakeFiles/start_benchmark.dir/tools/start_benchmark.cpp.o[0m
[0.585s] [ 50%] [32mBuilding CXX object CMakeFiles/orbbec_camera.dir/src/image_publisher.cpp.o[0m
[0.585s] [ 50%] [32mBuilding CXX object CMakeFiles/orbbec_camera.dir/src/dynamic_params.cpp.o[0m
[0.586s] [ 53%] [32mBuilding CXX object CMakeFiles/orbbec_camera.dir/src/ros_service.cpp.o[0m
[0.586s] [ 56%] [32mBuilding CXX object CMakeFiles/orbbec_camera.dir/src/jpeg_decoder.cpp.o[0m
[0.591s] In file included from [01m[K/home/dgx_allex_one/allex2head/src/OrbbecSDK_ROS2/orbbec_camera/src/ob_camera_node.cpp:17[m[K:
[0.592s] [01m[K/home/dgx_allex_one/allex2head/src/OrbbecSDK_ROS2/orbbec_camera/include/orbbec_camera/ob_camera_node.h:19:10:[m[K [01;31m[Kfatal error: [m[Knlohmann/json.hpp: No such file or directory
[0.592s]    19 | #include [01;31m[K<nlohmann/json.hpp>[m[K
[0.592s]       |          [01;31m[K^~~~~~~~~~~~~~~~~~~[m[K
[0.592s] compilation terminated.
[0.592s] gmake[2]: *** [CMakeFiles/orbbec_camera.dir/build.make:132: CMakeFiles/orbbec_camera.dir/src/ob_camera_node.cpp.o] Error 1
[0.592s] gmake[2]: *** Waiting for unfinished jobs....
[0.597s] In file included from [01m[K/home/dgx_allex_one/allex2head/src/OrbbecSDK_ROS2/orbbec_camera/src/ros_service.cpp:17[m[K:
[0.597s] [01m[K/home/dgx_allex_one/allex2head/src/OrbbecSDK_ROS2/orbbec_camera/include/orbbec_camera/ob_camera_node.h:19:10:[m[K [01;31m[Kfatal error: [m[Knlohmann/json.hpp: No such file or directory
[0.597s]    19 | #include [01;31m[K<nlohmann/json.hpp>[m[K
[0.597s]       |          [01;31m[K^~~~~~~~~~~~~~~~~~~[m[K
[0.597s] compilation terminated.
[0.598s] gmake[2]: *** [CMakeFiles/orbbec_camera.dir/build.make:160: CMakeFiles/orbbec_camera.dir/src/ros_service.cpp.o] Error 1
[0.772s] In file included from [01m[K/home/dgx_allex_one/allex2head/src/OrbbecSDK_ROS2/orbbec_camera/include/orbbec_camera/ob_camera_node_driver.h:22[m[K,
[0.773s]                  from [01m[K/home/dgx_allex_one/allex2head/src/OrbbecSDK_ROS2/orbbec_camera/src/ob_camera_node_driver.cpp:17[m[K:
[0.773s] [01m[K/home/dgx_allex_one/allex2head/src/OrbbecSDK_ROS2/orbbec_camera/include/orbbec_camera/ob_camera_node.h:19:10:[m[K [01;31m[Kfatal error: [m[Knlohmann/json.hpp: No such file or directory
[0.773s]    19 | #include [01;31m[K<nlohmann/json.hpp>[m[K
[0.773s]       |          [01;31m[K^~~~~~~~~~~~~~~~~~~[m[K
[0.773s] compilation terminated.
[0.776s] gmake[2]: *** [CMakeFiles/orbbec_camera.dir/build.make:118: CMakeFiles/orbbec_camera.dir/src/ob_camera_node_driver.cpp.o] Error 1
[0.801s] In file included from [01m[K/home/dgx_allex_one/allex2head/src/OrbbecSDK_ROS2/orbbec_camera/include/orbbec_camera/ob_camera_node_driver.h:22[m[K,
[0.801s]                  from [01m[K/home/dgx_allex_one/allex2head/src/OrbbecSDK_ROS2/orbbec_camera/tools/start_benchmark.cpp:3[m[K:
[0.801s] [01m[K/home/dgx_allex_one/allex2head/src/OrbbecSDK_ROS2/orbbec_camera/include/orbbec_camera/ob_camera_node.h:19:10:[m[K [01;31m[Kfatal error: [m[Knlohmann/json.hpp: No such file or directory
[0.801s]    19 | #include [01;31m[K<nlohmann/json.hpp>[m[K
[0.801s]       |          [01;31m[K^~~~~~~~~~~~~~~~~~~[m[K
[0.801s] compilation terminated.
[0.805s] gmake[2]: *** [CMakeFiles/start_benchmark.dir/build.make:76: CMakeFiles/start_benchmark.dir/tools/start_benchmark.cpp.o] Error 1
[0.805s] gmake[1]: *** [CMakeFiles/Makefile2:339: CMakeFiles/start_benchmark.dir/all] Error 2
[0.805s] gmake[1]: *** Waiting for unfinished jobs....
[0.812s] In file included from [01m[K/home/dgx_allex_one/allex2head/src/OrbbecSDK_ROS2/orbbec_camera/include/orbbec_camera/ob_camera_node_driver.h:22[m[K,
[0.812s]                  from [01m[K/home/dgx_allex_one/allex2head/src/OrbbecSDK_ROS2/orbbec_camera/tools/multi_save_rgbir.cpp:4[m[K:
[0.813s] [01m[K/home/dgx_allex_one/allex2head/src/OrbbecSDK_ROS2/orbbec_camera/include/orbbec_camera/ob_camera_node.h:19:10:[m[K [01;31m[Kfatal error: [m[Knlohmann/json.hpp: No such file or directory
[0.813s]    19 | #include [01;31m[K<nlohmann/json.hpp>[m[K
[0.813s]       |          [01;31m[K^~~~~~~~~~~~~~~~~~~[m[K
[0.813s] compilation terminated.
[0.815s] gmake[2]: *** [CMakeFiles/multi_save_rgbir.dir/build.make:76: CMakeFiles/multi_save_rgbir.dir/tools/multi_save_rgbir.cpp.o] Error 1
[0.815s] gmake[2]: *** Waiting for unfinished jobs....
[2.500s] [ 59%] [32m[1mLinking CXX executable frame_latency_node[0m
[2.602s] [ 59%] Built target frame_latency_node
[2.866s] [ 62%] [32m[1mLinking CXX executable orbbec_camera_node[0m
[2.950s] [ 62%] Built target orbbec_camera_node
[2.986s] [ 65%] [32m[1mLinking CXX executable start_benchmark_node[0m
[3.076s] [ 65%] Built target start_benchmark_node
[3.115s] [ 68%] [32m[1mLinking CXX executable multi_save_rgbir_node[0m
[3.190s] [ 68%] Built target multi_save_rgbir_node
[5.861s] gmake[1]: *** [CMakeFiles/Makefile2:391: CMakeFiles/multi_save_rgbir.dir/all] Error 2
[10.423s] gmake[1]: *** [CMakeFiles/Makefile2:157: CMakeFiles/orbbec_camera.dir/all] Error 2
[18.240s] [ 71%] [32m[1mLinking CXX shared library libframe_latency.so[0m
[18.433s] [ 71%] Built target frame_latency
[18.434s] gmake: *** [Makefile:146: all] Error 2
[18.437s] Invoked command in '/home/dgx_allex_one/allex2head/build/orbbec_camera' returned '2': AMENT_PREFIX_PATH=/home/dgx_allex_one/allex2head/install/orbbec_camera_msgs:${AMENT_PREFIX_PATH} CMAKE_PREFIX_PATH=/home/dgx_allex_one/allex2head/install/orbbec_camera_msgs:/opt/ros/jazzy/opt/gz_math_vendor:/opt/ros/jazzy/opt/gz_utils_vendor:/opt/ros/jazzy/opt/gz_cmake_vendor:/opt/ros/jazzy CONDA_PROMPT_MODIFIER=(allex_camera) DEBUGINFOD_URLS=https://debuginfod.ubuntu.com LD_LIBRARY_PATH=/home/dgx_allex_one/allex2head/install/orbbec_camera_msgs/lib:${LD_LIBRARY_PATH} PYTHONPATH=/home/dgx_allex_one/allex2head/install/orbbec_camera_msgs/lib/python3.10/site-packages:${PYTHONPATH} /usr/bin/cmake --build /home/dgx_allex_one/allex2head/build/orbbec_camera -- -j20 -l20
