[0.008s] Invoking command in '/home/dgx_allex_one/allex2head/build/orbbec_camera_msgs': CMAKE_PREFIX_PATH=${CMAKE_PREFIX_PATH}:/opt/ros/jazzy CONDA_PROMPT_MODIFIER=(allex_camera) DEBUGINFOD_URLS=https://debuginfod.ubuntu.com /usr/bin/cmake /home/dgx_allex_one/allex2head/src/OrbbecSDK_ROS2/orbbec_camera_msgs -DAMENT_CMAKE_SYMLINK_INSTALL=1 -DCMAKE_INSTALL_PREFIX=/home/dgx_allex_one/allex2head/install/orbbec_camera_msgs
[0.174s] -- Found ament_cmake: 2.5.4 (/opt/ros/jazzy/share/ament_cmake/cmake)
[0.174s] -- Override CMake install command with custom implementation using symlinks instead of copying resources
[0.174s] -- Found rosidl_default_generators: 1.6.0 (/opt/ros/jazzy/share/rosidl_default_generators/cmake)
[0.175s] -- Using all available rosidl_typesupport_c: rosidl_typesupport_fastrtps_c;rosidl_typesupport_introspection_c
[0.175s] -- Using all available rosidl_typesupport_cpp: rosidl_typesupport_fastrtps_cpp;rosidl_typesupport_introspection_cpp
[0.175s] -- Found rosidl_adapter: 4.6.6 (/opt/ros/jazzy/share/rosidl_adapter/cmake)
[0.175s] -- Found sensor_msgs: 5.3.6 (/opt/ros/jazzy/share/sensor_msgs/cmake)
[0.609s] -- Found ament_cmake_ros: 0.12.0 (/opt/ros/jazzy/share/ament_cmake_ros/cmake)
[0.882s] -- Using all available rosidl_typesupport_c: rosidl_typesupport_fastrtps_c;rosidl_typesupport_introspection_c
[1.273s] -- Using all available rosidl_typesupport_cpp: rosidl_typesupport_fastrtps_cpp;rosidl_typesupport_introspection_cpp
[1.275s] -- Found python_cmake_module: 0.11.1 (/opt/ros/jazzy/share/python_cmake_module/cmake)
[1.349s] -- Found PythonExtra: /home/dgx_allex_one/miniconda3/envs/allex_camera/bin/python3  
[1.620s] -- Found Python3: /home/dgx_allex_one/miniconda3/envs/allex_camera/bin/python3 (found version "3.10.19") found components: Interpreter Development NumPy Development.Module Development.Embed 
[1.679s] -- Found ament_lint_auto: 0.17.3 (/opt/ros/jazzy/share/ament_lint_auto/cmake)
[1.696s] -- Added test 'copyright' to check source files copyright and LICENSE
[1.699s] -- Added test 'lint_cmake' to check CMake code style
[1.699s] -- Added test 'xmllint' to check XML markup files
[1.703s] -- Configuring done (1.7s)
[1.744s] -- Generating done (0.0s)
[1.751s] -- Build files have been written to: /home/dgx_allex_one/allex2head/build/orbbec_camera_msgs
[1.758s] Invoked command in '/home/dgx_allex_one/allex2head/build/orbbec_camera_msgs' returned '0': CMAKE_PREFIX_PATH=${CMAKE_PREFIX_PATH}:/opt/ros/jazzy CONDA_PROMPT_MODIFIER=(allex_camera) DEBUGINFOD_URLS=https://debuginfod.ubuntu.com /usr/bin/cmake /home/dgx_allex_one/allex2head/src/OrbbecSDK_ROS2/orbbec_camera_msgs -DAMENT_CMAKE_SYMLINK_INSTALL=1 -DCMAKE_INSTALL_PREFIX=/home/dgx_allex_one/allex2head/install/orbbec_camera_msgs
[1.759s] Invoking command in '/home/dgx_allex_one/allex2head/build/orbbec_camera_msgs': CMAKE_PREFIX_PATH=${CMAKE_PREFIX_PATH}:/opt/ros/jazzy CONDA_PROMPT_MODIFIER=(allex_camera) DEBUGINFOD_URLS=https://debuginfod.ubuntu.com /usr/bin/cmake --build /home/dgx_allex_one/allex2head/build/orbbec_camera_msgs -- -j20 -l20
[1.807s] [  0%] Built target ament_cmake_python_symlink_orbbec_camera_msgs
[1.808s] [  0%] [34m[1mGenerating type hashes for ROS interfaces[0m
[1.844s] Traceback (most recent call last):
[1.844s]   File "/opt/ros/jazzy/lib/rosidl_generator_type_description/rosidl_generator_type_description", line 21, in <module>
[1.844s]     from rosidl_generator_type_description import generate_type_hash
[1.844s]   File "/opt/ros/jazzy/lib/python3.12/site-packages/rosidl_generator_type_description/__init__.py", line 24, in <module>
[1.844s]     from rosidl_parser.parser import parse_idl_file
[1.844s]   File "/opt/ros/jazzy/lib/python3.12/site-packages/rosidl_parser/parser.py", line 20, in <module>
[1.844s]     from lark import Lark
[1.844s] ModuleNotFoundError: No module named 'lark'
[1.848s] gmake[2]: *** [CMakeFiles/orbbec_camera_msgs__rosidl_generator_type_description.dir/build.make:101: rosidl_generator_type_description/orbbec_camera_msgs/msg/DeviceInfo.json] Error 1
[1.848s] gmake[1]: *** [CMakeFiles/Makefile2:215: CMakeFiles/orbbec_camera_msgs__rosidl_generator_type_description.dir/all] Error 2
[1.848s] gmake[1]: *** Waiting for unfinished jobs....
[1.891s] running egg_info
[1.895s] creating orbbec_camera_msgs.egg-info
[1.895s] writing orbbec_camera_msgs.egg-info/PKG-INFO
[1.895s] writing dependency_links to orbbec_camera_msgs.egg-info/dependency_links.txt
[1.895s] writing top-level names to orbbec_camera_msgs.egg-info/top_level.txt
[1.896s] writing manifest file 'orbbec_camera_msgs.egg-info/SOURCES.txt'
[1.907s] reading manifest file 'orbbec_camera_msgs.egg-info/SOURCES.txt'
[1.907s] writing manifest file 'orbbec_camera_msgs.egg-info/SOURCES.txt'
[1.926s] [  0%] Built target ament_cmake_python_build_orbbec_camera_msgs_egg
[1.927s] gmake: *** [Makefile:146: all] Error 2
[1.930s] Invoked command in '/home/dgx_allex_one/allex2head/build/orbbec_camera_msgs' returned '2': CMAKE_PREFIX_PATH=${CMAKE_PREFIX_PATH}:/opt/ros/jazzy CONDA_PROMPT_MODIFIER=(allex_camera) DEBUGINFOD_URLS=https://debuginfod.ubuntu.com /usr/bin/cmake --build /home/dgx_allex_one/allex2head/build/orbbec_camera_msgs -- -j20 -l20
